<?xml version="1.0" encoding="utf-8"?>
<coverage line-rate="1" branch-rate="1" version="1.9" timestamp="1613355627" lines-covered="3" lines-valid="3" branches-covered="0" branches-valid="0">
  <sources>
    <source>D:\</source>
  </sources>
  <packages>
    <package name="HelloWorld2" line-rate="1" branch-rate="1" complexity="1">
      <classes>
        <class name="HelloWorld2.Greeter" filename="Dev\github\coveragesample\Src\HelloWorld2\Greeter.cs" line-rate="1" branch-rate="1" complexity="1">
          <methods>
            <method name="SayHello" signature="()" line-rate="1" branch-rate="1" complexity="1">
              <lines>
                <line number="6" hits="1" branch="False" />
                <line number="7" hits="1" branch="False" />
                <line number="8" hits="1" branch="False" />
              </lines>
            </method>
          </methods>
          <lines>
            <line number="6" hits="1" branch="False" />
            <line number="7" hits="1" branch="False" />
            <line number="8" hits="1" branch="False" />
          </lines>
        </class>
      </classes>
    </package>
  </packages>
</coverage>